生成启动时间为 2017/12/20 10:34:15。
     1>项目“C:\CppWorkspace\AIECG\AIECG.vcxproj”在节点 2 上(build 个目标)。
     1>InitializeBuildStatus:
         正在对“release\AIECG.unsuccessfulbuild”执行 Touch 任务。
       CustomBuild:
         所有输出均为最新。
       ClCompile:
         所有输出均为最新。
       Link:
         C:\Program Files (x86)\Microsoft Visual Studio 10.0\VC\bin\x86_amd64\link.exe /ERRORREPORT:PROMPT /OUT:"release\\AIECG.exe" /INCREMENTAL:NO /NOLOGO /LIBPATH:"c:\Qt\qt-4.8.7-x64-msvc2010\qt-4.8.7-x64-msvc2010\lib" "c:\Qt\qt-4.8.7-x64-msvc2010\qt-4.8.7-x64-msvc2010\lib\qtmain.lib" "c:\Qt\qt-4.8.7-x64-msvc2010\qt-4.8.7-x64-msvc2010\lib\QtGui4.lib" "c:\Qt\qt-4.8.7-x64-msvc2010\qt-4.8.7-x64-msvc2010\lib\QtCore4.lib" opencv_ml249d.lib opencv_calib3d249d.lib opencv_contrib249d.lib opencv_core249d.lib opencv_features2d249d.lib opencv_flann249d.lib opencv_gpu249d.lib opencv_highgui249d.lib opencv_imgproc249d.lib opencv_legacy249d.lib opencv_objdetect249d.lib opencv_ts249d.lib opencv_video249d.lib opencv_nonfree249d.lib opencv_ocl249d.lib opencv_photo249d.lib opencv_stitching249d.lib opencv_superres249d.lib opencv_videostab249d.lib opencv_objdetect249.lib opencv_ts249.lib opencv_video249.lib opencv_nonfree249.lib opencv_ocl249.lib opencv_photo249.lib opencv_stitching249.lib opencv_superres249.lib opencv_videostab249.lib opencv_calib3d249.lib opencv_contrib249.lib opencv_core249.lib opencv_features2d249.lib opencv_flann249.lib opencv_gpu249.lib opencv_highgui249.lib opencv_imgproc249.lib opencv_legacy249.lib opencv_ml249.lib kernel32.lib user32.lib gdi32.lib winspool.lib comdlg32.lib advapi32.lib shell32.lib ole32.lib oleaut32.lib uuid.lib odbc32.lib odbccp32.lib /MANIFEST /ManifestFile:"release\AIECG.exe.intermediate.manifest" /MANIFESTUAC:"level='asInvoker' uiAccess='false'" /PDB:"C:\CppWorkspace\AIECG\release\AIECG.pdb" /SUBSYSTEM:WINDOWS /TLBID:1 /DYNAMICBASE /NXCOMPAT /MACHINE:X64 release\AIECG.obj
         release\dataAcquisitiondialog.obj
         release\display.obj
         release\main.obj
         release\processImage.obj
         release\qcustomplot.obj
         release\readdata.obj
         release\respiredialog.obj
         release\serialdialog.obj
         release\moc_AIECG.obj
         release\moc_dataAcquisitiondialog.obj
         release\moc_display.obj
         release\moc_processImage.obj
         release\moc_qcustomplot.obj
         release\moc_readdata.obj
         release\moc_respiredialog.obj
         release\moc_serialdialog.obj "/MANIFESTDEPENDENCY:type='win32' name='Microsoft.Windows.Common-Controls' version='6.0.0.0' publicKeyToken='6595b64144ccf1df' language='*' processorArchitecture='*'" 
            正在创建库 release\\AIECG.lib 和对象 release\\AIECG.exp
         AIECG.vcxproj -> C:\CppWorkspace\AIECG\release\AIECG.exe
       Manifest:
         C:\Program Files (x86)\Microsoft SDKs\Windows\v7.0A\bin\mt.exe /nologo /verbose /outputresource:"release\\AIECG.exe;#1" /manifest release\AIECG.exe.intermediate.manifest
       FinalizeBuildStatus:
         正在删除文件“release\AIECG.unsuccessfulbuild”。
         正在对“release\AIECG.lastbuildstate”执行 Touch 任务。
     1>已完成生成项目“C:\CppWorkspace\AIECG\AIECG.vcxproj”(build 个目标)的操作。

生成成功。

已用时间 00:00:00.31
