生成启动时间为 2017/12/26/周二 18:02:47。
     1>项目“C:\Users\Administrator\Desktop\OpenCV\PCA\PCA\PCA\PCA.vcxproj”在节点 2 上(build 个目标)。
     1>InitializeBuildStatus:
         正在创建“release\PCA.unsuccessfulbuild”，因为已指定“AlwaysCreate”。
       CustomBuild:
         所有输出均为最新。
       ClCompile:
         c:\Program Files (x86)\Microsoft Visual Studio 10.0\VC\bin\x86_amd64\CL.exe /c /I"c:\Qt\qt-4.8.7-x64-msvc2010\qt-4.8.7-x64-msvc2010\include\QtCore" /I"c:\Qt\qt-4.8.7-x64-msvc2010\qt-4.8.7-x64-msvc2010\include\QtNetwork" /I"c:\Qt\qt-4.8.7-x64-msvc2010\qt-4.8.7-x64-msvc2010\include\QtGui" /I"c:\Qt\qt-4.8.7-x64-msvc2010\qt-4.8.7-x64-msvc2010\include" /I. /I"c:\Qt\qt-4.8.7-x64-msvc2010\qt-4.8.7-x64-msvc2010\include\ActiveQt" /Irelease /I. /I"c:\Qt\qt-4.8.7-x64-msvc2010\qt-4.8.7-x64-msvc2010\mkspecs\default" /Zi /nologo /W3 /WX- /O2 /D _WINDOWS /D UNICODE /D WIN32 /D QT_DLL /D QT_NO_DEBUG /D QT_GUI_LIB /D QT_NETWORK_LIB /D QT_CORE_LIB /D QT_HAVE_MMX /D QT_HAVE_SSE /D QT_HAVE_MMXEXT /D QT_HAVE_SSE2 /D QT_THREAD_SUPPORT /D NDEBUG /Gm- /EHsc /MD /GS /fp:precise /Zc:wchar_t- /Zc:forScope /GR /Fo"release\\" /Fd".\vc100.pdb" /Gd /TP /errorReport:prompt processImage.cpp -Zm200 -w34100 -w34189 
         processImage.cpp
     1>processImage.cpp(25): warning C4267: “参数”: 从“size_t”转换到“int”，可能丢失数据
     1>processImage.cpp(25): warning C4267: “参数”: 从“size_t”转换到“int”，可能丢失数据
       Link:
         c:\Program Files (x86)\Microsoft Visual Studio 10.0\VC\bin\x86_amd64\link.exe /ERRORREPORT:PROMPT /OUT:"release\\PCA.exe" /INCREMENTAL:NO /NOLOGO /LIBPATH:"c:\Qt\qt-4.8.7-x64-msvc2010\qt-4.8.7-x64-msvc2010\lib" "c:\Qt\qt-4.8.7-x64-msvc2010\qt-4.8.7-x64-msvc2010\lib\qtmain.lib" "c:\Qt\qt-4.8.7-x64-msvc2010\qt-4.8.7-x64-msvc2010\lib\QtGui4.lib" "c:\Qt\qt-4.8.7-x64-msvc2010\qt-4.8.7-x64-msvc2010\lib\QtNetwork4.lib" "c:\Qt\qt-4.8.7-x64-msvc2010\qt-4.8.7-x64-msvc2010\lib\QtCore4.lib" opencv_objdetect249.lib opencv_ts249.lib opencv_video249.lib opencv_nonfree249.lib opencv_ocl249.lib opencv_photo249.lib opencv_stitching249.lib opencv_superres249.lib opencv_videostab249.lib opencv_calib3d249.lib opencv_contrib249.lib opencv_core249.lib opencv_features2d249.lib opencv_flann249.lib opencv_gpu249.lib opencv_highgui249.lib opencv_imgproc249.lib opencv_legacy249.lib opencv_ml249.lib kernel32.lib user32.lib gdi32.lib winspool.lib comdlg32.lib advapi32.lib shell32.lib ole32.lib oleaut32.lib uuid.lib odbc32.lib odbccp32.lib /MANIFEST /ManifestFile:"release\PCA.exe.intermediate.manifest" /MANIFESTUAC:"level='asInvoker' uiAccess='false'" /DEBUG /PDB:"C:\Users\Administrator\Desktop\OpenCV\PCA\PCA\PCA\release\PCA.pdb" /SUBSYSTEM:WINDOWS /TLBID:1 /DYNAMICBASE /NXCOMPAT /MACHINE:X64 release\main.obj
         release\mainwindow.obj
         release\processImage.obj
         release\qcustomplot.obj
         release\readdata.obj
         release\moc_mainwindow.obj
         release\moc_processImage.obj
         release\moc_qcustomplot.obj
         release\moc_readdata.obj
         release\qrc_mainwindow.obj "/MANIFESTDEPENDENCY:type='win32' name='Microsoft.Windows.Common-Controls' version='6.0.0.0' publicKeyToken='6595b64144ccf1df' language='*' processorArchitecture='*'" 
            正在创建库 release\\PCA.lib 和对象 release\\PCA.exp
         PCA.vcxproj -> C:\Users\Administrator\Desktop\OpenCV\PCA\PCA\PCA\release\PCA.exe
       Manifest:
         c:\Program Files (x86)\Microsoft SDKs\Windows\v7.0A\bin\mt.exe /nologo /verbose /outputresource:"release\\PCA.exe;#1" /manifest release\PCA.exe.intermediate.manifest
       FinalizeBuildStatus:
         正在删除文件“release\PCA.unsuccessfulbuild”。
         正在对“release\PCA.lastbuildstate”执行 Touch 任务。
     1>已完成生成项目“C:\Users\Administrator\Desktop\OpenCV\PCA\PCA\PCA\PCA.vcxproj”(build 个目标)的操作。

生成成功。

已用时间 00:00:02.54
