E:\MITK\ALEGCBIN\BIN\PLUGINS\RELEASE\LIBZHI_HUANG_MYPLUGINNAME.DLL
E:\MITK\ALEGCBIN\bin\plugins\Release\Zhi_Huang_MypluginName.exp
E:\MITK\ALEGCBIN\bin\plugins\Release\Zhi_Huang_MypluginName.lib
E:\MITK\ALEGCBIN\PLUGINS\ZHI.HUANG.MYPLUGINNAME\CMAKEFILES\GENERATE.STAMP
E:\MITK\ALEGCBIN\PLUGINS\ZHI.HUANG.MYPLUGINNAME\QRC_ZHI_HUANG_MYPLUGINNAME_CACHED.CXX
E:\MITK\ALEGCBIN\PLUGINS\ZHI.HUANG.MYPLUGINNAME\QRC_ZHI_HUANG_MYPLUGINNAME_MANIFEST.CXX
E:\MITK\ALEGCBIN\PLUGINS\ZHI.HUANG.MYPLUGINNAME\SRC\INTERNAL\MOC_MITKPLUGINACTIVATOR.CXX
E:\MITK\ALEGCBIN\PLUGINS\ZHI.HUANG.MYPLUGINNAME\SRC\INTERNAL\MOC_QCUSTOMPLOT.CXX
E:\MITK\ALEGCBIN\PLUGINS\ZHI.HUANG.MYPLUGINNAME\SRC\INTERNAL\MOC_QMITKTEMPLATEVIEW.CXX
E:\MITK\ALEGCBIN\PLUGINS\ZHI.HUANG.MYPLUGINNAME\UI_QMITKTEMPLATEVIEWCONTROLS.H
E:\MITK\ALEGCBIN\Plugins\Zhi.Huang.MypluginName\Zhi_Huang_MypluginName.dir\Release\cl.command.1.tlog
E:\MITK\ALEGCBIN\Plugins\Zhi.Huang.MypluginName\Zhi_Huang_MypluginName.dir\Release\CL.read.1.tlog
E:\MITK\ALEGCBIN\Plugins\Zhi.Huang.MypluginName\Zhi_Huang_MypluginName.dir\Release\CL.write.1.tlog
E:\MITK\ALEGCBIN\Plugins\Zhi.Huang.MypluginName\Zhi_Huang_MypluginName.dir\Release\custombuild.command.1.tlog
E:\MITK\ALEGCBIN\Plugins\Zhi.Huang.MypluginName\Zhi_Huang_MypluginName.dir\Release\custombuild.read.1.tlog
E:\MITK\ALEGCBIN\Plugins\Zhi.Huang.MypluginName\Zhi_Huang_MypluginName.dir\Release\custombuild.write.1.tlog
E:\MITK\ALEGCBIN\PLUGINS\ZHI.HUANG.MYPLUGINNAME\ZHI_HUANG_MYPLUGINNAME.DIR\RELEASE\LIBZHI_HUANG_MYPLUGINNAME.DLL.INTERMEDIATE.MANIFEST
E:\MITK\ALEGCBIN\Plugins\Zhi.Huang.MypluginName\Zhi_Huang_MypluginName.dir\Release\link.command.1.tlog
E:\MITK\ALEGCBIN\Plugins\Zhi.Huang.MypluginName\Zhi_Huang_MypluginName.dir\Release\link.read.1.tlog
E:\MITK\ALEGCBIN\Plugins\Zhi.Huang.MypluginName\Zhi_Huang_MypluginName.dir\Release\link.write.1.tlog
E:\MITK\ALEGCBIN\PLUGINS\ZHI.HUANG.MYPLUGINNAME\ZHI_HUANG_MYPLUGINNAME.DIR\RELEASE\MITKPLUGINACTIVATOR.OBJ
E:\MITK\ALEGCBIN\PLUGINS\ZHI.HUANG.MYPLUGINNAME\ZHI_HUANG_MYPLUGINNAME.DIR\RELEASE\MOC_MITKPLUGINACTIVATOR.OBJ
E:\MITK\ALEGCBIN\PLUGINS\ZHI.HUANG.MYPLUGINNAME\ZHI_HUANG_MYPLUGINNAME.DIR\RELEASE\MOC_QCUSTOMPLOT.OBJ
E:\MITK\ALEGCBIN\PLUGINS\ZHI.HUANG.MYPLUGINNAME\ZHI_HUANG_MYPLUGINNAME.DIR\RELEASE\MOC_QMITKTEMPLATEVIEW.OBJ
E:\MITK\ALEGCBIN\Plugins\Zhi.Huang.MypluginName\Zhi_Huang_MypluginName.dir\Release\mt.command.1.tlog
E:\MITK\ALEGCBIN\Plugins\Zhi.Huang.MypluginName\Zhi_Huang_MypluginName.dir\Release\mt.read.1.tlog
E:\MITK\ALEGCBIN\Plugins\Zhi.Huang.MypluginName\Zhi_Huang_MypluginName.dir\Release\mt.write.1.tlog
E:\MITK\ALEGCBIN\PLUGINS\ZHI.HUANG.MYPLUGINNAME\ZHI_HUANG_MYPLUGINNAME.DIR\RELEASE\QCUSTOMPLOT.OBJ
E:\MITK\ALEGCBIN\PLUGINS\ZHI.HUANG.MYPLUGINNAME\ZHI_HUANG_MYPLUGINNAME.DIR\RELEASE\QMITKTEMPLATEVIEW.OBJ
E:\MITK\ALEGCBIN\PLUGINS\ZHI.HUANG.MYPLUGINNAME\ZHI_HUANG_MYPLUGINNAME.DIR\RELEASE\QRC_ZHI_HUANG_MYPLUGINNAME_CACHED.OBJ
E:\MITK\ALEGCBIN\PLUGINS\ZHI.HUANG.MYPLUGINNAME\ZHI_HUANG_MYPLUGINNAME.DIR\RELEASE\QRC_ZHI_HUANG_MYPLUGINNAME_MANIFEST.OBJ
E:\MITK\ALEGCBIN\Plugins\Zhi.Huang.MypluginName\Zhi_Huang_MypluginName.dir\Release\Zhi_Huang_MypluginName.vcxprojResolveAssemblyReference.cache
E:\MITK\ALEGCBIN\Plugins\Zhi.Huang.MypluginName\Zhi_Huang_MypluginName.dir\Release\Zhi_Huang_MypluginName.write.1.tlog
