C:\USERS\ADMINISTRATOR\DESKTOP\OPENCV\PCA\PCA\PCA\GENERATEDFILES\QRC_MAINWINDOW.CPP
C:\USERS\ADMINISTRATOR\DESKTOP\OPENCV\PCA\PCA\PCA\GENERATEDFILES\RELEASE\MOC_MAINWINDOW.CPP
C:\USERS\ADMINISTRATOR\DESKTOP\OPENCV\PCA\PCA\PCA\GENERATEDFILES\RELEASE\MOC_QCUSTOMPLOT.CPP
C:\USERS\ADMINISTRATOR\DESKTOP\OPENCV\PCA\PCA\PCA\GENERATEDFILES\RELEASE\MOC_READDATA.CPP
C:\USERS\ADMINISTRATOR\DESKTOP\OPENCV\PCA\PCA\PCA\GENERATEDFILES\UI_MAINWINDOW.H
C:\Users\Administrator\Desktop\OpenCV\PCA\PCA\PCA\x64\Release\cl.command.1.tlog
C:\Users\Administrator\Desktop\OpenCV\PCA\PCA\PCA\x64\Release\CL.read.1.tlog
C:\Users\Administrator\Desktop\OpenCV\PCA\PCA\PCA\x64\Release\CL.write.1.tlog
C:\Users\Administrator\Desktop\OpenCV\PCA\PCA\PCA\x64\Release\custombuild.command.1.tlog
C:\Users\Administrator\Desktop\OpenCV\PCA\PCA\PCA\x64\Release\custombuild.read.1.tlog
C:\Users\Administrator\Desktop\OpenCV\PCA\PCA\PCA\x64\Release\custombuild.write.1.tlog
C:\Users\Administrator\Desktop\OpenCV\PCA\PCA\PCA\x64\Release\link.command.1.tlog
C:\Users\Administrator\Desktop\OpenCV\PCA\PCA\PCA\x64\Release\link.read.1.tlog
C:\Users\Administrator\Desktop\OpenCV\PCA\PCA\PCA\x64\Release\link.write.1.tlog
C:\USERS\ADMINISTRATOR\DESKTOP\OPENCV\PCA\PCA\PCA\X64\RELEASE\MAIN.OBJ
C:\USERS\ADMINISTRATOR\DESKTOP\OPENCV\PCA\PCA\PCA\X64\RELEASE\MAINWINDOW.OBJ
C:\USERS\ADMINISTRATOR\DESKTOP\OPENCV\PCA\PCA\PCA\X64\RELEASE\MOC_MAINWINDOW.OBJ
C:\USERS\ADMINISTRATOR\DESKTOP\OPENCV\PCA\PCA\PCA\X64\RELEASE\MOC_QCUSTOMPLOT.OBJ
C:\USERS\ADMINISTRATOR\DESKTOP\OPENCV\PCA\PCA\PCA\X64\RELEASE\MOC_READDATA.OBJ
C:\Users\Administrator\Desktop\OpenCV\PCA\PCA\PCA\x64\Release\mt.command.1.tlog
C:\Users\Administrator\Desktop\OpenCV\PCA\PCA\PCA\x64\Release\mt.read.1.tlog
C:\Users\Administrator\Desktop\OpenCV\PCA\PCA\PCA\x64\Release\mt.write.1.tlog
C:\USERS\ADMINISTRATOR\DESKTOP\OPENCV\PCA\PCA\PCA\X64\RELEASE\PCA.EXE.INTERMEDIATE.MANIFEST
C:\Users\Administrator\Desktop\OpenCV\PCA\PCA\PCA\x64\Release\PCA.vcxprojResolveAssemblyReference.cache
C:\Users\Administrator\Desktop\OpenCV\PCA\PCA\PCA\x64\Release\PCA.write.1.tlog
C:\USERS\ADMINISTRATOR\DESKTOP\OPENCV\PCA\PCA\PCA\X64\RELEASE\PROCESSIMAGE.OBJ
C:\USERS\ADMINISTRATOR\DESKTOP\OPENCV\PCA\PCA\PCA\X64\RELEASE\QCUSTOMPLOT.OBJ
C:\USERS\ADMINISTRATOR\DESKTOP\OPENCV\PCA\PCA\PCA\X64\RELEASE\QRC_MAINWINDOW.OBJ
C:\USERS\ADMINISTRATOR\DESKTOP\OPENCV\PCA\PCA\PCA\X64\RELEASE\READDATA.OBJ
C:\USERS\ADMINISTRATOR\DESKTOP\OPENCV\PCA\PCA\X64\RELEASE\PCA.EXE
C:\Users\Administrator\Desktop\OpenCV\PCA\PCA\x64\Release\PCA.exp
C:\USERS\ADMINISTRATOR\DESKTOP\OPENCV\PCA\PCA\X64\RELEASE\PCA.ILK
C:\Users\Administrator\Desktop\OpenCV\PCA\PCA\x64\Release\PCA.lib
C:\USERS\ADMINISTRATOR\DESKTOP\OPENCV\PCA\PCA\X64\RELEASE\PCA.PDB
