C:\Users\Administrator\Desktop\OpenCV\PCA\PCA\PCA\release\cl.command.1.tlog
C:\Users\Administrator\Desktop\OpenCV\PCA\PCA\PCA\release\CL.read.1.tlog
C:\Users\Administrator\Desktop\OpenCV\PCA\PCA\PCA\release\CL.write.1.tlog
C:\Users\Administrator\Desktop\OpenCV\PCA\PCA\PCA\release\custombuild.command.1.tlog
C:\Users\Administrator\Desktop\OpenCV\PCA\PCA\PCA\release\custombuild.read.1.tlog
C:\Users\Administrator\Desktop\OpenCV\PCA\PCA\PCA\release\custombuild.write.1.tlog
C:\Users\Administrator\Desktop\OpenCV\PCA\PCA\PCA\release\link.command.1.tlog
C:\Users\Administrator\Desktop\OpenCV\PCA\PCA\PCA\release\link.read.1.tlog
C:\Users\Administrator\Desktop\OpenCV\PCA\PCA\PCA\release\link.write.1.tlog
C:\USERS\ADMINISTRATOR\DESKTOP\OPENCV\PCA\PCA\PCA\RELEASE\MAIN.OBJ
C:\USERS\ADMINISTRATOR\DESKTOP\OPENCV\PCA\PCA\PCA\RELEASE\MAINWINDOW.OBJ
C:\USERS\ADMINISTRATOR\DESKTOP\OPENCV\PCA\PCA\PCA\RELEASE\MOC_MAINWINDOW.CPP
C:\USERS\ADMINISTRATOR\DESKTOP\OPENCV\PCA\PCA\PCA\RELEASE\MOC_MAINWINDOW.OBJ
C:\USERS\ADMINISTRATOR\DESKTOP\OPENCV\PCA\PCA\PCA\RELEASE\MOC_PROCESSIMAGE.CPP
C:\USERS\ADMINISTRATOR\DESKTOP\OPENCV\PCA\PCA\PCA\RELEASE\MOC_PROCESSIMAGE.OBJ
C:\USERS\ADMINISTRATOR\DESKTOP\OPENCV\PCA\PCA\PCA\RELEASE\MOC_QCUSTOMPLOT.CPP
C:\USERS\ADMINISTRATOR\DESKTOP\OPENCV\PCA\PCA\PCA\RELEASE\MOC_QCUSTOMPLOT.OBJ
C:\USERS\ADMINISTRATOR\DESKTOP\OPENCV\PCA\PCA\PCA\RELEASE\MOC_READDATA.CPP
C:\USERS\ADMINISTRATOR\DESKTOP\OPENCV\PCA\PCA\PCA\RELEASE\MOC_READDATA.OBJ
C:\Users\Administrator\Desktop\OpenCV\PCA\PCA\PCA\release\mt.command.1.tlog
C:\Users\Administrator\Desktop\OpenCV\PCA\PCA\PCA\release\mt.read.1.tlog
C:\Users\Administrator\Desktop\OpenCV\PCA\PCA\PCA\release\mt.write.1.tlog
C:\USERS\ADMINISTRATOR\DESKTOP\OPENCV\PCA\PCA\PCA\RELEASE\PCA.EXE
C:\USERS\ADMINISTRATOR\DESKTOP\OPENCV\PCA\PCA\PCA\RELEASE\PCA.EXE.INTERMEDIATE.MANIFEST
C:\Users\Administrator\Desktop\OpenCV\PCA\PCA\PCA\release\PCA.exp
C:\Users\Administrator\Desktop\OpenCV\PCA\PCA\PCA\release\PCA.lib
C:\USERS\ADMINISTRATOR\DESKTOP\OPENCV\PCA\PCA\PCA\RELEASE\PCA.PDB
C:\Users\Administrator\Desktop\OpenCV\PCA\PCA\PCA\release\PCA.vcxprojResolveAssemblyReference.cache
C:\Users\Administrator\Desktop\OpenCV\PCA\PCA\PCA\release\PCA.write.1.tlog
C:\USERS\ADMINISTRATOR\DESKTOP\OPENCV\PCA\PCA\PCA\RELEASE\PROCESSIMAGE.OBJ
C:\USERS\ADMINISTRATOR\DESKTOP\OPENCV\PCA\PCA\PCA\RELEASE\QCUSTOMPLOT.OBJ
C:\USERS\ADMINISTRATOR\DESKTOP\OPENCV\PCA\PCA\PCA\RELEASE\QRC_MAINWINDOW.CPP
C:\USERS\ADMINISTRATOR\DESKTOP\OPENCV\PCA\PCA\PCA\RELEASE\QRC_MAINWINDOW.OBJ
C:\USERS\ADMINISTRATOR\DESKTOP\OPENCV\PCA\PCA\PCA\RELEASE\READDATA.OBJ
C:\USERS\ADMINISTRATOR\DESKTOP\OPENCV\PCA\PCA\PCA\RELEASE\THREAD.OBJ
C:\USERS\ADMINISTRATOR\DESKTOP\OPENCV\PCA\PCA\PCA\UI_MAINWINDOW.H
C:\USERS\ADMINISTRATOR\DESKTOP\OPENCV\PCA\PCA\PCA\VC100.PDB
release\PCA.pdb
