C:\experiment\datamodel\debug\cl.command.1.tlog
C:\experiment\datamodel\debug\CL.read.1.tlog
C:\experiment\datamodel\debug\CL.write.1.tlog
C:\experiment\datamodel\debug\custombuild.command.1.tlog
C:\experiment\datamodel\debug\custombuild.read.1.tlog
C:\experiment\datamodel\debug\custombuild.write.1.tlog
C:\EXPERIMENT\DATAMODEL\DEBUG\DATAMODEL.EXE
C:\EXPERIMENT\DATAMODEL\DEBUG\DATAMODEL.EXE.INTERMEDIATE.MANIFEST
C:\experiment\datamodel\debug\datamodel.exp
C:\EXPERIMENT\DATAMODEL\DEBUG\DATAMODEL.ILK
C:\experiment\datamodel\debug\datamodel.lib
C:\EXPERIMENT\DATAMODEL\DEBUG\DATAMODEL.OBJ
C:\EXPERIMENT\DATAMODEL\DEBUG\DATAMODEL.PDB
C:\experiment\datamodel\debug\datamodel.vcxprojResolveAssemblyReference.cache
C:\experiment\datamodel\debug\datamodel.write.1.tlog
C:\experiment\datamodel\debug\link.command.1.tlog
C:\experiment\datamodel\debug\link.read.1.tlog
C:\experiment\datamodel\debug\link.read.2.tlog
C:\experiment\datamodel\debug\link.write.1.tlog
C:\EXPERIMENT\DATAMODEL\DEBUG\MAIN.OBJ
C:\EXPERIMENT\DATAMODEL\DEBUG\MOC_DATAMODEL.CPP
C:\EXPERIMENT\DATAMODEL\DEBUG\MOC_DATAMODEL.OBJ
C:\EXPERIMENT\DATAMODEL\DEBUG\MOC_PROCESSIMAGE.CPP
C:\EXPERIMENT\DATAMODEL\DEBUG\MOC_PROCESSIMAGE.OBJ
C:\EXPERIMENT\DATAMODEL\DEBUG\MOC_QCUSTOMPLOT.CPP
C:\EXPERIMENT\DATAMODEL\DEBUG\MOC_QCUSTOMPLOT.OBJ
C:\EXPERIMENT\DATAMODEL\DEBUG\MOC_READCSVDATA.CPP
C:\EXPERIMENT\DATAMODEL\DEBUG\MOC_READCSVDATA.OBJ
C:\EXPERIMENT\DATAMODEL\DEBUG\MOC_READDATA.CPP
C:\EXPERIMENT\DATAMODEL\DEBUG\MOC_READDATA.OBJ
C:\experiment\datamodel\debug\mt.command.1.tlog
C:\experiment\datamodel\debug\mt.read.1.tlog
C:\experiment\datamodel\debug\mt.write.1.tlog
C:\EXPERIMENT\DATAMODEL\DEBUG\PROCESSIMAGE.OBJ
C:\EXPERIMENT\DATAMODEL\DEBUG\QCUSTOMPLOT.OBJ
C:\EXPERIMENT\DATAMODEL\DEBUG\READCSVDATA.OBJ
C:\EXPERIMENT\DATAMODEL\DEBUG\READDATA.OBJ
C:\EXPERIMENT\DATAMODEL\VC100.PDB
debug\datamodel.ilk
debug\datamodel.pdb
